
  .   ____          _            __ _ _
 /\\ / ___'_ __ _ _(_)_ __  __ _ \ \ \ \
( ( )\___ | '_ | '_| | '_ \/ _` | \ \ \ \
 \\/  ___)| |_)| | | | | || (_| |  ) ) ) )
  '  |____| .__|_| |_|_| |_\__, | / / / /
 =========|_|==============|___/=/_/_/_/
 :: Spring Boot ::                (v2.7.4)

2025-08-27 19:59:05.072  INFO 12884 --- [           main] c.t.a.service.TinyUrlServiceApplication  : Starting TinyUrlServiceApplication v0.0.1-SNAPSHOT using Java 17.0.5 on DESKTOP-R0K48U8 with PID 12884 (C:\Users\gaura\Documents\jenkins_practice\tinyurl-app\target\tiny-url-service-0.0.1-SNAPSHOT.jar started by gaura in C:\Users\gaura\Documents\jenkins_practice\tinyurl-app)
2025-08-27 19:59:05.076  INFO 12884 --- [           main] c.t.a.service.TinyUrlServiceApplication  : No active profile set, falling back to 1 default profile: "default"
2025-08-27 19:59:05.994  INFO 12884 --- [           main] .s.d.r.c.RepositoryConfigurationDelegate : Bootstrapping Spring Data JPA repositories in DEFAULT mode.
2025-08-27 19:59:06.011  INFO 12884 --- [           main] .s.d.r.c.RepositoryConfigurationDelegate : Finished Spring Data repository scanning in 5 ms. Found 0 JPA repository interfaces.
2025-08-27 19:59:07.035  INFO 12884 --- [           main] o.s.b.w.embedded.tomcat.TomcatWebServer  : Tomcat initialized with port(s): 8082 (http)
2025-08-27 19:59:07.047  INFO 12884 --- [           main] o.apache.catalina.core.StandardService   : Starting service [Tomcat]
2025-08-27 19:59:07.047  INFO 12884 --- [           main] org.apache.catalina.core.StandardEngine  : Starting Servlet engine: [Apache Tomcat/9.0.65]
2025-08-27 19:59:07.131  INFO 12884 --- [           main] o.a.c.c.C.[Tomcat].[localhost].[/]       : Initializing Spring embedded WebApplicationContext
2025-08-27 19:59:07.131  INFO 12884 --- [           main] w.s.c.ServletWebServerApplicationContext : Root WebApplicationContext: initialization completed in 1980 ms
2025-08-27 19:59:07.370  INFO 12884 --- [           main] com.zaxxer.hikari.HikariDataSource       : HikariPool-1 - Starting...
2025-08-27 19:59:07.588  INFO 12884 --- [           main] com.zaxxer.hikari.HikariDataSource       : HikariPool-1 - Start completed.
2025-08-27 19:59:07.667  INFO 12884 --- [           main] o.hibernate.jpa.internal.util.LogHelper  : HHH000204: Processing PersistenceUnitInfo [name: default]
2025-08-27 19:59:07.790  INFO 12884 --- [           main] org.hibernate.Version                    : HHH000412: Hibernate ORM core version 5.6.11.Final
2025-08-27 19:59:08.041  INFO 12884 --- [           main] o.hibernate.annotations.common.Version   : HCANN000001: Hibernate Commons Annotations {5.1.2.Final}
2025-08-27 19:59:08.195  INFO 12884 --- [           main] org.hibernate.dialect.Dialect            : HHH000400: Using dialect: org.hibernate.dialect.H2Dialect
2025-08-27 19:59:08.457  INFO 12884 --- [           main] o.h.e.t.j.p.i.JtaPlatformInitiator       : HHH000490: Using JtaPlatform implementation: [org.hibernate.engine.transaction.jta.platform.internal.NoJtaPlatform]
2025-08-27 19:59:08.470  INFO 12884 --- [           main] j.LocalContainerEntityManagerFactoryBean : Initialized JPA EntityManagerFactory for persistence unit 'default'
2025-08-27 19:59:08.523  WARN 12884 --- [           main] JpaBaseConfiguration$JpaWebConfiguration : spring.jpa.open-in-view is enabled by default. Therefore, database queries may be performed during view rendering. Explicitly configure spring.jpa.open-in-view to disable this warning
2025-08-27 19:59:09.031  INFO 12884 --- [           main] o.s.b.w.embedded.tomcat.TomcatWebServer  : Tomcat started on port(s): 8082 (http) with context path ''
2025-08-27 19:59:09.049  INFO 12884 --- [           main] c.t.a.service.TinyUrlServiceApplication  : Started TinyUrlServiceApplication in 4.857 seconds (JVM running for 5.509)
